\BOOKMARK [0][-]{chapter*.2}{\376\377\000A\000b\000s\000t\000r\000a\000c\000t}{}% 1
\BOOKMARK [0][-]{chapter*.3}{\376\377\000A\000c\000k\000n\000o\000w\000l\000e\000d\000g\000e\000m\000e\000n\000t\000s}{}% 2
\BOOKMARK [0][-]{chapter.1}{\376\377\000N\000o\000t\000e\000s\000\040\000o\000n\000\040\000t\000h\000e\000\040\000d\000e\000s\000i\000g\000n}{}% 3
\BOOKMARK [1][-]{section.1.1}{\376\377\000D\000o\000c\000u\000m\000e\000n\000t\000\040\000l\000a\000y\000o\000u\000t}{chapter.1}% 4
\BOOKMARK [1][-]{section.1.2}{\376\377\000P\000a\000g\000e\000\040\000l\000a\000y\000o\000u\000t}{chapter.1}% 5
\BOOKMARK [1][-]{section.1.3}{\376\377\000H\000e\000a\000d\000e\000r\000s\000,\000\040\000l\000i\000s\000t\000s\000,\000\040\000a\000n\000d\000\040\000o\000t\000h\000e\000r\000\040\000c\000o\000n\000t\000e\000n\000t\000-\000o\000r\000g\000a\000n\000i\000z\000i\000n\000g\000\040\000f\000e\000a\000t\000u\000r\000e\000s}{chapter.1}% 6
\BOOKMARK [1][-]{section.1.4}{\376\377\000F\000o\000n\000t\000s\000\040\000a\000n\000d\000\040\000"\000m\000i\000c\000r\000o\000"\000\040\000t\000y\000p\000o\000g\000r\000a\000p\000h\000y}{chapter.1}% 7
\BOOKMARK [1][-]{section.1.5}{\376\377\000T\000h\000e\000\040\000p\000h\000i\000l\000o\000s\000o\000p\000h\000y\000\040\000b\000e\000h\000i\000n\000d\000\040\000t\000h\000e\000\040\000d\000e\000s\000i\000g\000n}{chapter.1}% 8
\BOOKMARK [-1][-]{part.1}{\376\377\000I\000\040\000H\000o\000w\000\040\000t\000o\000\040\000u\000s\000e\000\040\000t\000h\000i\000s\000\040\000c\000l\000a\000s\000s}{}% 9
\BOOKMARK [0][-]{chapter.2}{\376\377\000G\000e\000t\000t\000i\000n\000g\000\040\000s\000t\000a\000r\000t\000e\000d}{part.1}% 10
\BOOKMARK [1][-]{section.2.1}{\376\377\000O\000n\000\040\000L\000i\000n\000u\000x}{chapter.2}% 11
\BOOKMARK [1][-]{section.2.2}{\376\377\000O\000n\000\040\000W\000i\000n\000d\000o\000w\000s}{chapter.2}% 12
\BOOKMARK [1][-]{section.2.3}{\376\377\000O\000n\000\040\000O\000v\000e\000r\000l\000e\000a\000f}{chapter.2}% 13
\BOOKMARK [0][-]{chapter.3}{\376\377\000U\000s\000i\000n\000g\000\040\000t\000h\000i\000s\000\040\000c\000l\000a\000s\000s}{part.1}% 14
\BOOKMARK [1][-]{section.3.1}{\376\377\000T\000h\000e\000\040\000b\000i\000g\000\040\000m\000a\000r\000g\000i\000n}{chapter.3}% 15
\BOOKMARK [1][-]{section.3.2}{\376\377\000F\000u\000l\000l\000\040\000w\000i\000d\000t\000h\000\040\000t\000e\000x\000t}{chapter.3}% 16
\BOOKMARK [1][-]{section.3.3}{\376\377\000T\000h\000e\000\040\000s\000k\000e\000l\000e\000t\000o\000n}{chapter.3}% 17
\BOOKMARK [1][-]{section.3.4}{\376\377\000F\000l\000o\000a\000t\000s}{chapter.3}% 18
\BOOKMARK [1][-]{section.3.5}{\376\377\000T\000h\000e\000\040\000t\000i\000t\000l\000e\000p\000a\000g\000e}{chapter.3}% 19
\BOOKMARK [1][-]{section.3.6}{\376\377\000C\000o\000m\000p\000i\000l\000a\000t\000i\000o\000n}{chapter.3}% 20
\BOOKMARK [1][-]{section.3.7}{\376\377\000P\000a\000c\000k\000a\000g\000e\000s\000\040\000l\000o\000a\000d\000e\000d}{chapter.3}% 21
\BOOKMARK [-1][-]{part.2}{\376\377\000I\000I\000\040\000S\000h\000o\000w\000c\000a\000s\000e}{}% 22
\BOOKMARK [0][-]{chapter.4}{\376\377\000S\000h\000o\000w\000c\000a\000s\000e\0001}{part.2}% 23
\BOOKMARK [0][-]{chapter.5}{\376\377\000S\000h\000o\000w\000c\000a\000s\000e\0002}{part.2}% 24
\BOOKMARK [-1][-]{part*.15}{\376\377\000A\000p\000p\000e\000n\000d\000i\000x}{}% 25
\BOOKMARK [0][-]{appendix.A}{\376\377\000S\000o\000m\000e\000\040\000a\000d\000d\000i\000t\000i\000o\000n\000a\000l\000\040\000s\000t\000u\000f\000f}{part*.15}% 26
\BOOKMARK [0][-]{appendix.B}{\376\377\000A\000n\000o\000t\000h\000e\000r\000\040\000c\000h\000u\000n\000k\000\040\000o\000f\000\040\000m\000a\000y\000b\000e\000\040\000c\000o\000m\000p\000l\000e\000t\000e\000l\000y\000\040\000p\000o\000i\000n\000t\000l\000e\000s\000s\000\040\000c\000o\000n\000t\000e\000n\000t}{part*.15}% 27
